<?xml version="1.0" encoding="UTF-8"?>
<testng-results ignored="0" total="1" passed="1" failed="0" skipped="0">
  <reporter-output>
  </reporter-output>
  <suite started-at="2022-09-08T11:31:00 IST" name="Default suite" finished-at="2022-09-08T11:31:00 IST" duration-ms="123">
    <groups>
    </groups>
    <test started-at="2022-09-08T11:31:00 IST" name="Default test" finished-at="2022-09-08T11:31:00 IST" duration-ms="123">
      <class name="com.crm.Xlyem.mavenDemo">
        <test-method signature="demo()[pri:0, instance:com.crm.Xlyem.mavenDemo@1bb266b3]" started-at="2022-09-08T11:31:00 IST" name="demo" finished-at="2022-09-08T11:31:00 IST" duration-ms="20" status="PASS">
          <reporter-output>
          </reporter-output>
        </test-method> <!-- demo -->
      </class> <!-- com.crm.Xlyem.mavenDemo -->
    </test> <!-- Default test -->
  </suite> <!-- Default suite -->
</testng-results>
